<?xml version="1.0" encoding="UTF-8"?>
<testng-results ignored="0" total="1" passed="1" failed="0" skipped="0">
  <reporter-output>
  </reporter-output>
  <suite started-at="2021-05-09T03:40:28 IST" name="Default suite" finished-at="2021-05-09T03:40:45 IST" duration-ms="16572">
    <groups>
    </groups>
    <test started-at="2021-05-09T03:40:28 IST" name="Default test" finished-at="2021-05-09T03:40:45 IST" duration-ms="16572">
      <class name="MavenProject.ExtenReport.DemoReport">
        <test-method is-config="true" signature="config()[pri:0, instance:MavenProject.ExtenReport.DemoReport@693fe6c9]" started-at="2021-05-09T03:40:28 IST" name="config" finished-at="2021-05-09T03:40:29 IST" duration-ms="881" status="PASS">
          <reporter-output>
          </reporter-output>
        </test-method> <!-- config -->
        <test-method signature="BasicReport()[pri:0, instance:MavenProject.ExtenReport.DemoReport@693fe6c9]" started-at="2021-05-09T03:40:29 IST" name="BasicReport" finished-at="2021-05-09T03:40:45 IST" duration-ms="15603" status="PASS">
          <reporter-output>
          </reporter-output>
        </test-method> <!-- BasicReport -->
      </class> <!-- MavenProject.ExtenReport.DemoReport -->
    </test> <!-- Default test -->
  </suite> <!-- Default suite -->
</testng-results>
